\BOOKMARK [0][-]{part.1}{\376\377\000I\000\040\000I\000n\000t\000r\000o\000d\000u\000c\000t\000i\000o\000n}{}% 1
\BOOKMARK [1][-]{section.1}{\376\377\000A\000r\000t\000i\000f\000i\000c\000i\000a\000l\000\040\000I\000n\000t\000e\000l\000l\000i\000g\000e\000n\000c\000e}{part.1}% 2
\BOOKMARK [1][-]{section.2}{\376\377\000S\000c\000h\000e\000d\000u\000l\000i\000n\000g}{part.1}% 3
\BOOKMARK [2][-]{subsection.2.1}{\376\377\000C\000o\000n\000s\000t\000r\000a\000i\000n\000t\000-\000B\000a\000s\000e\000d\000\040\000S\000c\000h\000e\000d\000u\000l\000i\000n\000g}{section.2}% 4
\BOOKMARK [2][-]{subsection.2.2}{\376\377\000O\000t\000h\000e\000r\000\040\000S\000o\000l\000u\000t\000i\000o\000n\000\040\000A\000p\000p\000r\000o\000a\000c\000h\000e\000s}{section.2}% 5
\BOOKMARK [1][-]{section.3}{\376\377\000C\000o\000u\000r\000s\000e\000\040\000S\000t\000r\000u\000c\000t\000u\000r\000e}{part.1}% 6
\BOOKMARK [2][-]{subsection.3.1}{\376\377\000W\000h\000a\000t\000\040\000i\000s\000\040\000n\000o\000t\000\040\000c\000o\000v\000e\000r\000e\000d\000?}{section.3}% 7
\BOOKMARK [2][-]{subsection.3.2}{\376\377\000A\000\040\000S\000h\000o\000r\000t\000\040\000H\000i\000s\000t\000o\000r\000y}{section.3}% 8
\BOOKMARK [0][-]{part.2}{\376\377\000I\000I\000\040\000C\000o\000n\000c\000e\000p\000t\000s}{}% 9
\BOOKMARK [1][-]{section.4}{\376\377\000C\000o\000r\000e\000\040\000C\000o\000n\000c\000e\000p\000t\000s}{part.2}% 10
\BOOKMARK [2][-]{subsection.4.1}{\376\377\000O\000r\000d\000e\000r\000s\000,\000\040\000P\000r\000o\000d\000u\000c\000t\000s\000,\000\040\000P\000r\000o\000c\000e\000s\000s\000e\000s}{section.4}% 11
\BOOKMARK [2][-]{subsection.4.2}{\376\377\000J\000o\000b\000s\000\040\000a\000n\000d\000\040\000T\000a\000s\000k\000s}{section.4}% 12
\BOOKMARK [1][-]{section.5}{\376\377\000T\000e\000m\000p\000o\000r\000a\000l\000\040\000R\000e\000l\000a\000t\000i\000o\000n\000s}{part.2}% 13
\BOOKMARK [2][-]{subsection.5.1}{\376\377\000R\000e\000l\000e\000a\000s\000e\000\040\000a\000n\000d\000\040\000D\000u\000e\000\040\000D\000a\000t\000e}{section.5}% 14
\BOOKMARK [1][-]{section.6}{\376\377\000P\000r\000o\000c\000e\000s\000s\000e\000s\000,\000\040\000B\000i\000l\000l\000\040\000o\000f\000\040\000M\000a\000t\000e\000r\000i\000a\000l\000s}{part.2}% 15
\BOOKMARK [1][-]{section.7}{\376\377\000P\000r\000o\000b\000l\000e\000m\000\040\000C\000l\000a\000s\000s\000i\000f\000i\000c\000a\000t\000i\000o\000n}{part.2}% 16
\BOOKMARK [2][-]{subsection.7.1}{\376\377\000J\000o\000b\000-\000S\000h\000o\000p}{section.7}% 17
\BOOKMARK [2][-]{subsection.7.2}{\376\377\000F\000l\000o\000w\000-\000S\000h\000o\000p}{section.7}% 18
\BOOKMARK [2][-]{subsection.7.3}{\376\377\000O\000p\000e\000n\000-\000S\000h\000o\000p}{section.7}% 19
\BOOKMARK [2][-]{subsection.7.4}{\376\377\000R\000C\000P\000S\000P}{section.7}% 20
\BOOKMARK [2][-]{subsection.7.5}{\376\377\000,\000\040\000,\000\040\000\040\000N\000o\000t\000a\000t\000i\000o\000n}{section.7}% 21
\BOOKMARK [1][-]{section.8}{\376\377\000K\000e\000y\000\040\000V\000i\000s\000u\000a\000l\000i\000z\000a\000t\000i\000o\000n\000\040\000M\000e\000t\000h\000o\000d\000s}{part.2}% 22
\BOOKMARK [1][-]{section.9}{\376\377\000S\000u\000m\000m\000a\000r\000y}{part.2}% 23
\BOOKMARK [0][-]{part.3}{\376\377\000I\000I\000I\000\040\000M\000a\000c\000h\000i\000n\000e\000s\000\040\000a\000n\000d\000\040\000R\000e\000s\000o\000u\000r\000c\000e\000s}{}% 24
\BOOKMARK [1][-]{section.10}{\376\377\000D\000i\000s\000j\000u\000n\000c\000t\000i\000v\000e\000\040\000R\000e\000s\000o\000u\000r\000c\000e\000s}{part.3}% 25
\BOOKMARK [1][-]{section.11}{\376\377\000C\000u\000m\000u\000l\000a\000t\000i\000v\000e\000\040\000R\000e\000s\000o\000u\000r\000c\000e\000s}{part.3}% 26
\BOOKMARK [1][-]{section.12}{\376\377\000M\000a\000c\000h\000i\000n\000e\000\040\000C\000h\000o\000i\000c\000e}{part.3}% 27
\BOOKMARK [2][-]{subsection.12.1}{\376\377\000I\000d\000e\000n\000t\000i\000c\000a\000l\000\040\000M\000a\000c\000h\000i\000n\000e\000s}{section.12}% 28
\BOOKMARK [2][-]{subsection.12.2}{\376\377\000M\000a\000c\000h\000i\000n\000e\000\040\000D\000e\000p\000e\000n\000d\000e\000n\000t\000\040\000S\000p\000e\000e\000d}{section.12}% 29
\BOOKMARK [2][-]{subsection.12.3}{\376\377\000M\000a\000c\000h\000i\000n\000e\000\040\000P\000r\000e\000f\000e\000r\000e\000n\000c\000e\000s}{section.12}% 30
\BOOKMARK [1][-]{section.13}{\376\377\000W\000o\000r\000k\000\040\000i\000n\000\040\000P\000r\000o\000g\000r\000e\000s\000s\000\040\000a\000n\000d\000\040\000P\000l\000a\000n\000n\000e\000d\000\040\000D\000o\000w\000n\000t\000i\000m\000e\000s}{part.3}% 31
\BOOKMARK [1][-]{section.14}{\376\377\000C\000a\000l\000e\000n\000d\000a\000r\000s}{part.3}% 32
\BOOKMARK [1][-]{section.15}{\376\377\000S\000u\000m\000m\000a\000r\000y}{part.3}% 33
\BOOKMARK [0][-]{part.4}{\376\377\000I\000V\000\040\000E\000x\000p\000e\000r\000i\000m\000e\000n\000t\000s}{}% 34
\BOOKMARK [1][-]{section.16}{\376\377\000T\000h\000e\000\040\000S\000c\000h\000e\000d\000u\000l\000i\000n\000g\000\040\000T\000o\000o\000l}{part.4}% 35
\BOOKMARK [1][-]{section.17}{\376\377\000D\000a\000t\000a\000\040\000I\000n\000p\000u\000t}{part.4}% 36
\BOOKMARK [1][-]{section.18}{\376\377\000R\000e\000s\000u\000l\000t\000\040\000O\000u\000t\000p\000u\000t}{part.4}% 37
\BOOKMARK [1][-]{section.19}{\376\377\000I\000n\000s\000t\000a\000n\000c\000e\000\040\000G\000e\000n\000e\000r\000a\000t\000o\000r}{part.4}% 38
\BOOKMARK [1][-]{section.20}{\376\377\000P\000r\000e\000d\000e\000f\000i\000n\000e\000d\000\040\000P\000r\000o\000b\000l\000e\000m\000\040\000S\000e\000t\000s}{part.4}% 39
\BOOKMARK [2][-]{subsection.20.1}{\376\377\000T\000a\000i\000l\000l\000a\000r\000d}{section.20}% 40
\BOOKMARK [2][-]{subsection.20.2}{\376\377\000S\000A\000L\000B\000P}{section.20}% 41
\BOOKMARK [2][-]{subsection.20.3}{\376\377\000T\000e\000s\000t\000\040\000S\000c\000h\000e\000d\000u\000l\000i\000n\000g}{section.20}% 42
\BOOKMARK [2][-]{subsection.20.4}{\376\377\000H\000y\000b\000r\000i\000d\000\040\000F\000l\000e\000x\000i\000b\000l\000e\000\040\000F\000l\000o\000w\000s\000h\000o\000p}{section.20}% 43
\BOOKMARK [1][-]{section.21}{\376\377\000C\000r\000e\000a\000t\000i\000n\000g\000\040\000Y\000o\000u\000r\000\040\000O\000w\000n\000\040\000T\000e\000s\000t\000s}{part.4}% 44
\BOOKMARK [1][-]{section.22}{\376\377\000S\000u\000m\000m\000a\000r\000y}{part.4}% 45
\BOOKMARK [0][-]{part.5}{\376\377\000V\000\040\000O\000b\000j\000e\000c\000t\000i\000v\000e\000s}{}% 46
\BOOKMARK [1][-]{section.23}{\376\377\000W\000h\000y\000\040\000H\000a\000v\000e\000\040\000a\000n\000\040\000O\000b\000j\000e\000c\000t\000i\000v\000e\000?}{part.5}% 47
\BOOKMARK [2][-]{subsection.23.1}{\376\377\000C\000o\000s\000t\000\040\000v\000s\000.\000\040\000P\000r\000o\000f\000i\000t\000\040\000B\000a\000s\000e\000d\000\040\000O\000b\000j\000e\000c\000t\000i\000v\000e\000s}{section.23}% 48
\BOOKMARK [1][-]{section.24}{\376\377\000O\000b\000j\000e\000c\000t\000i\000v\000e\000\040\000T\000y\000p\000e\000s}{part.5}% 49
\BOOKMARK [2][-]{subsection.24.1}{\376\377\000M\000a\000k\000e\000s\000p\000a\000n}{section.24}% 50
\BOOKMARK [2][-]{subsection.24.2}{\376\377\000F\000l\000o\000w\000t\000i\000m\000e}{section.24}% 51
\BOOKMARK [2][-]{subsection.24.3}{\376\377\000L\000a\000t\000e\000n\000e\000s\000s}{section.24}% 52
\BOOKMARK [2][-]{subsection.24.4}{\376\377\000E\000a\000r\000l\000i\000n\000e\000s\000s}{section.24}% 53
\BOOKMARK [2][-]{subsection.24.5}{\376\377\000J\000u\000s\000t\000-\000I\000n\000-\000T\000i\000m\000e}{section.24}% 54
\BOOKMARK [2][-]{subsection.24.6}{\376\377\000H\000y\000b\000r\000i\000d}{section.24}% 55
\BOOKMARK [2][-]{subsection.24.7}{\376\377\000R\000e\000s\000o\000u\000r\000c\000e\000\040\000L\000e\000v\000e\000l\000s}{section.24}% 56
\BOOKMARK [1][-]{section.25}{\376\377\000M\000u\000l\000t\000i\000-\000L\000e\000v\000e\000l}{part.5}% 57
\BOOKMARK [1][-]{section.26}{\376\377\000I\000n\000t\000e\000r\000a\000c\000t\000i\000v\000e\000\040\000S\000c\000h\000e\000d\000u\000l\000i\000n\000g}{part.5}% 58
\BOOKMARK [0][-]{part.6}{\376\377\000V\000I\000\040\000A\000d\000v\000a\000n\000c\000e\000d\000\040\000C\000o\000n\000c\000e\000p\000t\000s}{}% 59
\BOOKMARK [1][-]{section.27}{\376\377\000S\000e\000q\000u\000e\000n\000c\000e\000\040\000D\000e\000p\000e\000n\000d\000e\000n\000t\000\040\000S\000e\000t\000u\000p}{part.6}% 60
\BOOKMARK [1][-]{section.28}{\376\377\000T\000r\000a\000n\000s\000p\000o\000r\000t\000a\000t\000i\000o\000n\000\040\000T\000i\000m\000e}{part.6}% 61
\BOOKMARK [1][-]{section.29}{\376\377\000H\000u\000m\000a\000n\000\040\000R\000e\000s\000o\000u\000r\000c\000e\000\040\000C\000o\000n\000s\000t\000r\000a\000i\000n\000t\000s}{part.6}% 62
\BOOKMARK [1][-]{section.30}{\376\377\000E\000n\000e\000r\000g\000y\000\040\000C\000o\000s\000t\000\040\000A\000w\000a\000r\000e\000\040\000S\000c\000h\000e\000d\000u\000l\000i\000n\000g}{part.6}% 63
\BOOKMARK [1][-]{section.31}{\376\377\000P\000r\000e\000m\000p\000t\000i\000o\000n}{part.6}% 64
\BOOKMARK [1][-]{section.32}{\376\377\000I\000n\000v\000e\000n\000t\000o\000r\000y}{part.6}% 65
\BOOKMARK [1][-]{section.33}{\376\377\000A\000l\000t\000e\000r\000n\000a\000t\000i\000v\000e\000\040\000P\000r\000o\000c\000e\000s\000s\000e\000s\000/\000P\000r\000o\000c\000e\000s\000s\000\040\000P\000a\000t\000h\000s}{part.6}% 66
\BOOKMARK [1][-]{section.34}{\376\377\000E\000x\000p\000l\000a\000i\000n\000a\000b\000i\000l\000i\000t\000y}{part.6}% 67
\BOOKMARK [1][-]{section.35}{\376\377\000S\000u\000m\000m\000a\000r\000y}{part.6}% 68
\BOOKMARK [0][-]{part.7}{\376\377\000V\000I\000I\000\040\000C\000a\000s\000e\000\040\000S\000t\000u\000d\000i\000e\000s}{}% 69
\BOOKMARK [0][-]{part.8}{\376\377\000V\000I\000I\000I\000\040\000P\000r\000o\000d\000u\000c\000t\000i\000o\000n\000\040\000P\000l\000a\000n\000n\000i\000n\000g\000\040\000C\000a\000s\000e\000\040\000S\000t\000u\000d\000y}{}% 70
\BOOKMARK [0][-]{part.9}{\376\377\000I\000X\000\040\000A\000s\000s\000e\000m\000b\000l\000y\000\040\000L\000i\000n\000e\000\040\000B\000a\000l\000a\000n\000c\000i\000n\000g\000\040\000C\000a\000s\000e\000\040\000S\000t\000u\000d\000y}{}% 71
\BOOKMARK [0][-]{part.10}{\376\377\000X\000\040\000T\000e\000s\000t\000\040\000S\000c\000h\000e\000d\000u\000l\000i\000n\000g\000\040\000C\000a\000s\000e\000\040\000S\000t\000u\000d\000y}{}% 72
\BOOKMARK [0][-]{part.11}{\376\377\000X\000I\000\040\000F\000a\000c\000t\000o\000r\000y\000\040\000D\000e\000s\000i\000g\000n\000\040\000C\000a\000s\000e\000\040\000S\000t\000u\000d\000y}{}% 73
\BOOKMARK [0][-]{part.12}{\376\377\000X\000I\000I\000\040\000O\000v\000e\000n\000\040\000S\000c\000h\000e\000d\000u\000l\000i\000n\000g\000\040\000C\000a\000s\000e\000\040\000S\000t\000u\000d\000y}{}% 74
\BOOKMARK [0][-]{part.13}{\376\377\000X\000I\000I\000I\000\040\000B\000l\000a\000d\000e\000s\000\040\000a\000n\000d\000\040\000V\000a\000n\000e\000s\000\040\000P\000r\000o\000d\000u\000c\000t\000i\000o\000n\000\040\000C\000a\000s\000e\000\040\000S\000t\000u\000d\000y}{}% 75
\BOOKMARK [0][-]{part.14}{\376\377\000X\000I\000V\000\040\000W\000h\000e\000r\000e\000\040\000t\000o\000\040\000G\000o\000\040\000f\000r\000o\000m\000\040\000H\000e\000r\000e}{}% 76
\BOOKMARK [1][-]{section.36}{\376\377\000C\000P\000\040\000a\000n\000d\000\040\000S\000c\000h\000e\000d\000u\000l\000i\000n\000g\000\040\000L\000i\000t\000e\000r\000a\000t\000u\000r\000e\000\040\000S\000u\000r\000v\000e\000y}{part.14}% 77
\BOOKMARK [2][-]{subsection.36.1}{\376\377\000M\000e\000t\000h\000o\000d\000o\000l\000o\000g\000y}{section.36}% 78
\BOOKMARK [2][-]{subsection.36.2}{\376\377\000A\000n\000a\000l\000y\000s\000i\000s\000\040\000R\000e\000s\000u\000l\000t\000s}{section.36}% 79
\BOOKMARK [2][-]{subsection.36.3}{\376\377\000L\000i\000m\000i\000t\000a\000t\000i\000o\000n\000s}{section.36}% 80
\BOOKMARK [1][-]{section.37}{\376\377\000S\000u\000m\000m\000a\000r\000y}{part.14}% 81
