\BOOKMARK [0][-]{chapter.1}{\376\377\000I\000n\000t\000r\000o\000d\000u\000c\000t\000i\000o\000n}{}% 1
\BOOKMARK [0][-]{chapter.2}{\376\377\000O\000v\000e\000r\000v\000i\000e\000w}{}% 2
\BOOKMARK [0][-]{chapter.3}{\376\377\000T\000a\000i\000l\000l\000a\000r\000d\000\040\000O\000p\000e\000n\000\040\000S\000h\000o\000p\000\040\000P\000r\000o\000b\000l\000e\000m\000s}{}% 3
\BOOKMARK [1][-]{section.3.1}{\376\377\000R\000e\000s\000u\000l\000t\000s\000\040\000f\000o\000r\000\040\000C\000P\000O\000p\000t\000i\000m\000i\000z\000e\000r}{chapter.3}% 4
\BOOKMARK [1][-]{section.3.2}{\376\377\000R\000e\000s\000u\000l\000t\000s\000\040\000f\000o\000r\000\040\000C\000P\000S\000a\000t}{chapter.3}% 5
\BOOKMARK [1][-]{section.3.3}{\376\377\000R\000e\000s\000u\000l\000t\000s\000\040\000f\000o\000r\000\040\000C\000h\000u\000f\000f\000e\000d}{chapter.3}% 6
\BOOKMARK [1][-]{section.3.4}{\376\377\000R\000e\000s\000u\000l\000t\000s\000\040\000f\000o\000r\000\040\000C\000p\000l\000e\000x}{chapter.3}% 7
\BOOKMARK [1][-]{section.3.5}{\376\377\000R\000e\000s\000u\000l\000t\000s\000\040\000f\000o\000r\000\040\000M\000i\000n\000i\000Z\000i\000n\000c\000\040\000C\000P\000S\000a\000t}{chapter.3}% 8
\BOOKMARK [0][-]{chapter.4}{\376\377\000T\000a\000i\000l\000l\000a\000r\000d\000\040\000J\000o\000b\000\040\000S\000h\000o\000p\000\040\000P\000r\000o\000b\000l\000e\000m\000s}{}% 9
\BOOKMARK [1][-]{section.4.1}{\376\377\000R\000e\000s\000u\000l\000t\000s\000\040\000f\000o\000r\000\040\000C\000P\000O\000p\000t\000i\000m\000i\000z\000e\000r}{chapter.4}% 10
\BOOKMARK [1][-]{section.4.2}{\376\377\000R\000e\000s\000u\000l\000t\000s\000\040\000f\000o\000r\000\040\000C\000P\000S\000a\000t}{chapter.4}% 11
\BOOKMARK [1][-]{section.4.3}{\376\377\000R\000e\000s\000u\000l\000t\000s\000\040\000f\000o\000r\000\040\000C\000h\000u\000f\000f\000e\000d}{chapter.4}% 12
\BOOKMARK [1][-]{section.4.4}{\376\377\000R\000e\000s\000u\000l\000t\000s\000\040\000f\000o\000r\000\040\000C\000p\000l\000e\000x}{chapter.4}% 13
\BOOKMARK [1][-]{section.4.5}{\376\377\000R\000e\000s\000u\000l\000t\000s\000\040\000f\000o\000r\000\040\000M\000i\000n\000i\000Z\000i\000n\000c\000\040\000C\000P\000S\000a\000t}{chapter.4}% 14
\BOOKMARK [1][-]{section.4.6}{\376\377\000S\000a\000m\000p\000l\000e\000\040\000R\000e\000s\000u\000l\000t\000s\000\040\000o\000n\000\040\000M\000a\000c\000\040\000\050\000C\000P\000O\000p\000t\000i\000m\000i\000z\000e\000r\000\051}{chapter.4}% 15
\BOOKMARK [0][-]{chapter.5}{\376\377\000T\000a\000i\000l\000l\000a\000r\000d\000\040\000F\000l\000o\000w\000\040\000S\000h\000o\000p\000\040\000P\000r\000o\000b\000l\000e\000m\000s}{}% 16
\BOOKMARK [1][-]{section.5.1}{\376\377\000R\000e\000s\000u\000l\000t\000s\000\040\000f\000o\000r\000\040\000C\000P\000O\000p\000t\000i\000m\000i\000z\000e\000r}{chapter.5}% 17
\BOOKMARK [1][-]{section.5.2}{\376\377\000R\000e\000s\000u\000l\000t\000s\000\040\000f\000o\000r\000\040\000C\000P\000S\000a\000t}{chapter.5}% 18
\BOOKMARK [1][-]{section.5.3}{\376\377\000R\000e\000s\000u\000l\000t\000s\000\040\000f\000o\000r\000\040\000C\000h\000u\000f\000f\000e\000d}{chapter.5}% 19
\BOOKMARK [1][-]{section.5.4}{\376\377\000R\000e\000s\000u\000l\000t\000s\000\040\000f\000o\000r\000\040\000C\000p\000l\000e\000x}{chapter.5}% 20
\BOOKMARK [1][-]{section.5.5}{\376\377\000R\000e\000s\000u\000l\000t\000s\000\040\000f\000o\000r\000\040\000M\000i\000n\000i\000Z\000i\000n\000c\000\040\000C\000P\000S\000a\000t}{chapter.5}% 21
\BOOKMARK [1][-]{section.5.6}{\376\377\000P\000e\000r\000m\000u\000t\000a\000t\000i\000o\000n\000\040\000F\000l\000o\000w\000s\000h\000o\000p\000\040\000R\000e\000s\000u\000l\000t\000s\000\040\000f\000o\000r\000\040\000C\000P\000O\000p\000t\000i\000m\000i\000z\000e\000r}{chapter.5}% 22
\BOOKMARK [0][-]{chapter.6}{\376\377\000S\000A\000L\000B\000P\000-\0001\000\040\000A\000s\000s\000e\000m\000b\000l\000y\000\040\000L\000i\000n\000e\000\040\000B\000a\000l\000a\000n\000c\000i\000n\000g\000\040\000P\000r\000o\000b\000l\000e\000m\000s}{}% 23
\BOOKMARK [1][-]{section.6.1}{\376\377\000R\000e\000s\000u\000l\000t\000s\000\040\000f\000o\000r\000\040\000C\000P\000O\000p\000t\000i\000m\000i\000z\000e\000r}{chapter.6}% 24
\BOOKMARK [1][-]{section.6.2}{\376\377\000R\000e\000s\000u\000l\000t\000s\000\040\000f\000o\000r\000\040\000C\000P\000S\000a\000t}{chapter.6}% 25
\BOOKMARK [1][-]{section.6.3}{\376\377\000R\000e\000s\000u\000l\000t\000s\000\040\000f\000o\000r\000\040\000M\000i\000n\000i\000Z\000i\000n\000c\000/\000C\000p\000l\000e\000x}{chapter.6}% 26
\BOOKMARK [1][-]{section.6.4}{\376\377\000R\000e\000s\000u\000l\000t\000s\000\040\000f\000o\000r\000\040\000M\000i\000n\000i\000Z\000i\000n\000c\000/\000C\000h\000u\000f\000f\000e\000d}{chapter.6}% 27
\BOOKMARK [1][-]{section.6.5}{\376\377\000R\000e\000s\000u\000l\000t\000s\000\040\000f\000o\000r\000\040\000M\000i\000n\000i\000Z\000i\000n\000c\000/\000C\000P\000S\000a\000t}{chapter.6}% 28
\BOOKMARK [1][-]{section.6.6}{\376\377\000A\000l\000t\000e\000r\000n\000a\000t\000i\000v\000e\000\040\000M\000o\000d\000e\000l}{chapter.6}% 29
\BOOKMARK [2][-]{subsection.6.6.1}{\376\377\000C\000P\000O}{section.6.6}% 30
\BOOKMARK [2][-]{subsection.6.6.2}{\376\377\000C\000P\000S\000a\000t}{section.6.6}% 31
\BOOKMARK [2][-]{subsection.6.6.3}{\376\377\000C\000h\000u\000f\000f\000e\000d}{section.6.6}% 32
\BOOKMARK [2][-]{subsection.6.6.4}{\376\377\000C\000p\000l\000e\000x}{section.6.6}% 33
\BOOKMARK [0][-]{chapter.7}{\376\377\000T\000e\000s\000t\000\040\000S\000c\000h\000e\000d\000u\000l\000i\000n\000g\000\040\000P\000r\000o\000b\000l\000e\000m\000s}{}% 34
\BOOKMARK [1][-]{section.7.1}{\376\377\000R\000e\000s\000u\000l\000t\000s\000\040\000f\000o\000r\000\040\000C\000P\000O\000p\000t\000i\000m\000i\000z\000e\000r}{chapter.7}% 35
\BOOKMARK [1][-]{section.7.2}{\376\377\000R\000e\000s\000u\000l\000t\000s\000\040\000f\000o\000r\000\040\000C\000P\000S\000a\000t}{chapter.7}% 36
\BOOKMARK [0][-]{chapter.8}{\376\377\000J\000\046\000J\000\040\000H\000y\000b\000r\000i\000d\000\040\000F\000l\000e\000x\000i\000b\000l\000e\000\040\000F\000l\000o\000w\000s\000h\000o\000p\000\040\000w\000i\000t\000h\000\040\000T\000r\000a\000n\000s\000p\000o\000r\000t\000a\000t\000i\000o\000n\000\040\000T\000i\000m\000e\000s}{}% 37
\BOOKMARK [1][-]{section.8.1}{\376\377\000W\000i\000t\000h\000o\000u\000t\000\040\000T\000r\000a\000n\000s\000p\000o\000r\000t\000a\000t\000i\000o\000n\000\040\000T\000i\000m\000e\000s}{chapter.8}% 38
\BOOKMARK [2][-]{subsection.8.1.1}{\376\377\000R\000e\000s\000u\000l\000t\000s\000\040\000f\000o\000r\000\040\000C\000P\000O\000p\000t\000i\000m\000i\000z\000e\000r}{section.8.1}% 39
\BOOKMARK [2][-]{subsection.8.1.2}{\376\377\000R\000e\000s\000u\000l\000t\000s\000\040\000f\000o\000r\000\040\000C\000P\000S\000a\000t}{section.8.1}% 40
\BOOKMARK [0][-]{chapter.9}{\376\377\000R\000C\000P\000S\000P\000\040\000S\000i\000n\000g\000l\000e\000M\000o\000d\000e}{}% 41
\BOOKMARK [1][-]{section.9.1}{\376\377\000S\000i\000z\000e\000\040\000J\0003\0000}{chapter.9}% 42
\BOOKMARK [2][-]{subsection.9.1.1}{\376\377\000C\000P\000O}{section.9.1}% 43
\BOOKMARK [2][-]{subsection.9.1.2}{\376\377\000C\000P\000S\000a\000t}{section.9.1}% 44
\BOOKMARK [1][-]{section.9.2}{\376\377\000S\000i\000z\000e\000\040\000J\0006\0000}{chapter.9}% 45
\BOOKMARK [2][-]{subsection.9.2.1}{\376\377\000C\000P\000O}{section.9.2}% 46
\BOOKMARK [2][-]{subsection.9.2.2}{\376\377\000C\000P\000S\000a\000t}{section.9.2}% 47
\BOOKMARK [1][-]{section.9.3}{\376\377\000S\000i\000z\000e\000\040\000J\0009\0000}{chapter.9}% 48
\BOOKMARK [2][-]{subsection.9.3.1}{\376\377\000C\000P\000O}{section.9.3}% 49
\BOOKMARK [2][-]{subsection.9.3.2}{\376\377\000C\000P\000S\000a\000t}{section.9.3}% 50
\BOOKMARK [1][-]{section.9.4}{\376\377\000S\000i\000z\000e\000\040\000J\0001\0002\0000}{chapter.9}% 51
\BOOKMARK [2][-]{subsection.9.4.1}{\376\377\000C\000P\000O}{section.9.4}% 52
\BOOKMARK [2][-]{subsection.9.4.2}{\376\377\000C\000P\000S\000a\000t}{section.9.4}% 53
\BOOKMARK [0][-]{chapter.10}{\376\377\000R\000e\000s\000u\000l\000t\000\040\000C\000o\000m\000p\000a\000r\000i\000s\000o\000n\000\040\000f\000o\000r\000\040\000S\000A\000L\000B\000P}{}% 54
\BOOKMARK [1][-]{section.10.1}{\376\377\000S\000A\000L\000B\000P\000\040\000R\000e\000s\000u\000l\000t\000s\000\040\000S\000i\000z\000e\000\040\0002\0000}{chapter.10}% 55
\BOOKMARK [1][-]{section.10.2}{\376\377\000S\000A\000L\000B\000P\000\040\000R\000e\000s\000u\000l\000t\000s\000\040\000S\000i\000z\000e\000\040\0005\0000}{chapter.10}% 56
\BOOKMARK [1][-]{section.10.3}{\376\377\000S\000A\000L\000B\000P\000\040\000R\000e\000s\000u\000l\000t\000s\000\040\000S\000i\000z\000e\000\040\0001\0000\0000}{chapter.10}% 57
\BOOKMARK [1][-]{section.10.4}{\376\377\000S\000A\000L\000B\000P\000\040\000R\000e\000s\000u\000l\000t\000s\000\040\000S\000i\000z\000e\000\040\0001\0000\0000\0000}{chapter.10}% 58
\BOOKMARK [0][-]{chapter.11}{\376\377\000R\000e\000s\000u\000l\000t\000\040\000C\000o\000m\000p\000a\000r\000i\000s\000o\000n\000\040\000f\000o\000r\000\040\000T\000a\000i\000l\000l\000a\000r\000d\000\040\000F\000S\000S}{}% 59
\BOOKMARK [1][-]{section.11.1}{\376\377\000T\000a\000i\000l\000l\000a\000r\000d\000\040\000F\000S\000S\000\040\000R\000e\000s\000u\000l\000t\000s\000\040\000S\000i\000z\000e\000\040\0001\0000\0000}{chapter.11}% 60
\BOOKMARK [1][-]{section.11.2}{\376\377\000T\000a\000i\000l\000l\000a\000r\000d\000\040\000F\000S\000S\000\040\000R\000e\000s\000u\000l\000t\000s\000\040\000S\000i\000z\000e\000\040\0002\0000\0000}{chapter.11}% 61
\BOOKMARK [1][-]{section.11.3}{\376\377\000T\000a\000i\000l\000l\000a\000r\000d\000\040\000F\000S\000S\000\040\000R\000e\000s\000u\000l\000t\000s\000\040\000S\000i\000z\000e\000\040\0002\0005\0000}{chapter.11}% 62
\BOOKMARK [1][-]{section.11.4}{\376\377\000T\000a\000i\000l\000l\000a\000r\000d\000\040\000F\000S\000S\000\040\000R\000e\000s\000u\000l\000t\000s\000\040\000S\000i\000z\000e\000\040\0004\0000\0000}{chapter.11}% 63
\BOOKMARK [1][-]{section.11.5}{\376\377\000T\000a\000i\000l\000l\000a\000r\000d\000\040\000F\000S\000S\000\040\000R\000e\000s\000u\000l\000t\000s\000\040\000S\000i\000z\000e\000\040\0005\0000\0000}{chapter.11}% 64
\BOOKMARK [1][-]{section.11.6}{\376\377\000T\000a\000i\000l\000l\000a\000r\000d\000\040\000F\000S\000S\000\040\000R\000e\000s\000u\000l\000t\000s\000\040\000S\000i\000z\000e\000\040\0001\0000\0000\0000}{chapter.11}% 65
\BOOKMARK [1][-]{section.11.7}{\376\377\000T\000a\000i\000l\000l\000a\000r\000d\000\040\000F\000S\000S\000\040\000R\000e\000s\000u\000l\000t\000s\000\040\000S\000i\000z\000e\000\040\0002\0000\0000\0000}{chapter.11}% 66
\BOOKMARK [1][-]{section.11.8}{\376\377\000T\000a\000i\000l\000l\000a\000r\000d\000\040\000F\000S\000S\000\040\000R\000e\000s\000u\000l\000t\000s\000\040\000S\000i\000z\000e\000\040\0004\0000\0000\0000}{chapter.11}% 67
\BOOKMARK [1][-]{section.11.9}{\376\377\000T\000a\000i\000l\000l\000a\000r\000d\000\040\000F\000S\000S\000\040\000R\000e\000s\000u\000l\000t\000s\000\040\000S\000i\000z\000e\000\040\0001\0000\0000\0000\0000}{chapter.11}% 68
\BOOKMARK [0][-]{chapter.12}{\376\377\000R\000e\000s\000u\000l\000t\000\040\000C\000o\000m\000p\000a\000r\000i\000s\000o\000n\000\040\000f\000o\000r\000\040\000T\000a\000i\000l\000l\000a\000r\000d\000\040\000J\000S\000S}{}% 69
\BOOKMARK [1][-]{section.12.1}{\376\377\000T\000a\000i\000l\000l\000a\000r\000d\000\040\000J\000S\000S\000\040\000R\000e\000s\000u\000l\000t\000s\000\040\000S\000i\000z\000e\000\040\0002\0002\0005}{chapter.12}% 70
\BOOKMARK [1][-]{section.12.2}{\376\377\000T\000a\000i\000l\000l\000a\000r\000d\000\040\000J\000S\000S\000\040\000R\000e\000s\000u\000l\000t\000s\000\040\000S\000i\000z\000e\000\040\0003\0000\0000}{chapter.12}% 71
\BOOKMARK [1][-]{section.12.3}{\376\377\000T\000a\000i\000l\000l\000a\000r\000d\000\040\000J\000S\000S\000\040\000R\000e\000s\000u\000l\000t\000s\000\040\000S\000i\000z\000e\000\040\0004\0000\0000}{chapter.12}% 72
\BOOKMARK [1][-]{section.12.4}{\376\377\000T\000a\000i\000l\000l\000a\000r\000d\000\040\000J\000S\000S\000\040\000R\000e\000s\000u\000l\000t\000s\000\040\000S\000i\000z\000e\000\040\0004\0005\0000}{chapter.12}% 73
\BOOKMARK [1][-]{section.12.5}{\376\377\000T\000a\000i\000l\000l\000a\000r\000d\000\040\000J\000S\000S\000\040\000R\000e\000s\000u\000l\000t\000s\000\040\000S\000i\000z\000e\000\040\0006\0000\0000}{chapter.12}% 74
\BOOKMARK [1][-]{section.12.6}{\376\377\000T\000a\000i\000l\000l\000a\000r\000d\000\040\000J\000S\000S\000\040\000R\000e\000s\000u\000l\000t\000s\000\040\000S\000i\000z\000e\000\040\0007\0005\0000}{chapter.12}% 75
\BOOKMARK [1][-]{section.12.7}{\376\377\000T\000a\000i\000l\000l\000a\000r\000d\000\040\000J\000S\000S\000\040\000R\000e\000s\000u\000l\000t\000s\000\040\000S\000i\000z\000e\000\040\0001\0000\0000\0000}{chapter.12}% 76
\BOOKMARK [1][-]{section.12.8}{\376\377\000T\000a\000i\000l\000l\000a\000r\000d\000\040\000J\000S\000S\000\040\000R\000e\000s\000u\000l\000t\000s\000\040\000S\000i\000z\000e\000\040\0002\0000\0000\0000}{chapter.12}% 77
\BOOKMARK [0][-]{chapter.13}{\376\377\000R\000e\000s\000u\000l\000t\000\040\000C\000o\000m\000p\000a\000r\000i\000s\000o\000n\000\040\000f\000o\000r\000\040\000T\000a\000i\000l\000l\000a\000r\000d\000\040\000O\000S\000S}{}% 78
\BOOKMARK [1][-]{section.13.1}{\376\377\000T\000a\000i\000l\000l\000a\000r\000d\000\040\000O\000S\000S\000\040\000R\000e\000s\000u\000l\000t\000s\000\040\000S\000i\000z\000e\000\040\0001\0006}{chapter.13}% 79
\BOOKMARK [1][-]{section.13.2}{\376\377\000T\000a\000i\000l\000l\000a\000r\000d\000\040\000O\000S\000S\000\040\000R\000e\000s\000u\000l\000t\000s\000\040\000S\000i\000z\000e\000\040\0002\0005}{chapter.13}% 80
\BOOKMARK [1][-]{section.13.3}{\376\377\000T\000a\000i\000l\000l\000a\000r\000d\000\040\000O\000S\000S\000\040\000R\000e\000s\000u\000l\000t\000s\000\040\000S\000i\000z\000e\000\040\0004\0009}{chapter.13}% 81
\BOOKMARK [1][-]{section.13.4}{\376\377\000T\000a\000i\000l\000l\000a\000r\000d\000\040\000O\000S\000S\000\040\000R\000e\000s\000u\000l\000t\000s\000\040\000S\000i\000z\000e\000\040\0001\0000\0000}{chapter.13}% 82
\BOOKMARK [1][-]{section.13.5}{\376\377\000T\000a\000i\000l\000l\000a\000r\000d\000\040\000O\000S\000S\000\040\000R\000e\000s\000u\000l\000t\000s\000\040\000S\000i\000z\000e\000\040\0002\0002\0005}{chapter.13}% 83
\BOOKMARK [1][-]{section.13.6}{\376\377\000T\000a\000i\000l\000l\000a\000r\000d\000\040\000O\000S\000S\000\040\000R\000e\000s\000u\000l\000t\000s\000\040\000S\000i\000z\000e\000\040\0004\0000\0000}{chapter.13}% 84
