\BOOKMARK [1][-]{section.1}{\376\377\000O\000v\000e\000r\000v\000i\000e\000w}{}% 1
\BOOKMARK [1][-]{section.2}{\376\377\000A\000b\000s\000t\000r\000a\000c\000t\000D\000a\000t\000a\000G\000e\000n\000e\000r\000a\000t\000o\000r\000P\000r\000o\000p\000e\000r\000t\000y}{}% 2
\BOOKMARK [1][-]{section.3}{\376\377\000A\000b\000s\000t\000r\000a\000c\000t\000S\000o\000l\000v\000e\000r\000P\000r\000o\000p\000e\000r\000t\000y}{}% 3
\BOOKMARK [1][-]{section.4}{\376\377\000A\000p\000p\000l\000i\000c\000a\000t\000i\000o\000n\000D\000a\000t\000a\000s\000e\000t}{}% 4
\BOOKMARK [1][-]{section.5}{\376\377\000A\000p\000p\000l\000i\000c\000a\000t\000i\000o\000n\000D\000i\000f\000f\000e\000r\000e\000n\000c\000e}{}% 5
\BOOKMARK [1][-]{section.6}{\376\377\000A\000p\000p\000l\000i\000c\000a\000t\000i\000o\000n\000O\000b\000j\000e\000c\000t}{}% 6
\BOOKMARK [1][-]{section.7}{\376\377\000A\000p\000p\000l\000i\000c\000a\000t\000i\000o\000n\000W\000a\000r\000n\000i\000n\000g}{}% 7
\BOOKMARK [1][-]{section.8}{\376\377\000C\000u\000m\000u\000l\000a\000t\000i\000v\000e\000N\000e\000e\000d}{}% 8
\BOOKMARK [1][-]{section.9}{\376\377\000C\000u\000m\000u\000l\000a\000t\000i\000v\000e\000P\000r\000o\000f\000i\000l\000e}{}% 9
\BOOKMARK [1][-]{section.10}{\376\377\000C\000u\000m\000u\000l\000a\000t\000i\000v\000e\000R\000e\000s\000o\000u\000r\000c\000e}{}% 10
\BOOKMARK [1][-]{section.11}{\376\377\000D\000a\000t\000a\000G\000e\000n\000e\000r\000a\000t\000o\000r\000P\000r\000o\000p\000e\000r\000t\000y}{}% 11
\BOOKMARK [1][-]{section.12}{\376\377\000D\000a\000t\000a\000G\000e\000n\000e\000r\000a\000t\000o\000r\000R\000u\000n}{}% 12
\BOOKMARK [1][-]{section.13}{\376\377\000D\000i\000s\000j\000u\000n\000c\000t\000i\000v\000e\000R\000e\000s\000o\000u\000r\000c\000e}{}% 13
\BOOKMARK [1][-]{section.14}{\376\377\000D\000o\000w\000n\000t\000i\000m\000e}{}% 14
\BOOKMARK [1][-]{section.15}{\376\377\000I\000n\000p\000u\000t\000E\000r\000r\000o\000r}{}% 15
\BOOKMARK [1][-]{section.16}{\376\377\000I\000n\000t\000e\000r\000m\000e\000d\000i\000a\000t\000e\000S\000o\000l\000u\000t\000i\000o\000n}{}% 16
\BOOKMARK [1][-]{section.17}{\376\377\000J\000o\000b}{}% 17
\BOOKMARK [1][-]{section.18}{\376\377\000J\000o\000b\000A\000s\000s\000i\000g\000n\000m\000e\000n\000t}{}% 18
\BOOKMARK [1][-]{section.19}{\376\377\000O\000r\000d\000e\000r}{}% 19
\BOOKMARK [1][-]{section.20}{\376\377\000P\000r\000o\000b\000l\000e\000m}{}% 20
\BOOKMARK [1][-]{section.21}{\376\377\000P\000r\000o\000c\000e\000s\000s}{}% 21
\BOOKMARK [1][-]{section.22}{\376\377\000P\000r\000o\000c\000e\000s\000s\000S\000e\000q\000u\000e\000n\000c\000e}{}% 22
\BOOKMARK [1][-]{section.23}{\376\377\000P\000r\000o\000c\000e\000s\000s\000S\000t\000e\000p}{}% 23
\BOOKMARK [1][-]{section.24}{\376\377\000P\000r\000o\000d\000u\000c\000t}{}% 24
\BOOKMARK [1][-]{section.25}{\376\377\000R\000e\000s\000o\000u\000r\000c\000e\000A\000c\000t\000i\000v\000i\000t\000y}{}% 25
\BOOKMARK [1][-]{section.26}{\376\377\000R\000e\000s\000o\000u\000r\000c\000e\000N\000e\000e\000d}{}% 26
\BOOKMARK [1][-]{section.27}{\376\377\000R\000e\000s\000o\000u\000r\000c\000e\000U\000t\000i\000l\000i\000z\000a\000t\000i\000o\000n}{}% 27
\BOOKMARK [1][-]{section.28}{\376\377\000S\000c\000e\000n\000a\000r\000i\000o}{}% 28
\BOOKMARK [1][-]{section.29}{\376\377\000S\000o\000l\000u\000t\000i\000o\000n}{}% 29
\BOOKMARK [1][-]{section.30}{\376\377\000S\000o\000l\000u\000t\000i\000o\000n\000E\000r\000r\000o\000r}{}% 30
\BOOKMARK [1][-]{section.31}{\376\377\000S\000o\000l\000v\000e\000r\000P\000r\000o\000p\000e\000r\000t\000y}{}% 31
\BOOKMARK [1][-]{section.32}{\376\377\000S\000o\000l\000v\000e\000r\000R\000u\000n}{}% 32
\BOOKMARK [1][-]{section.33}{\376\377\000T\000a\000s\000k}{}% 33
\BOOKMARK [1][-]{section.34}{\376\377\000T\000a\000s\000k\000A\000s\000s\000i\000g\000n\000m\000e\000n\000t}{}% 34
\BOOKMARK [1][-]{section.35}{\376\377\000W\000i\000P}{}% 35
